2024-03-16 12:41:58,971 INFO o.a.j.u.JMeterUtils: Setting Locale to en_US
2024-03-16 12:41:58,986 INFO o.a.j.JMeter: Loading user properties from: user.properties
2024-03-16 12:41:58,986 INFO o.a.j.JMeter: Loading system properties from: system.properties
2024-03-16 12:41:59,002 INFO o.a.j.JMeter: Copyright (c) 1998-2022 The Apache Software Foundation
2024-03-16 12:41:59,002 INFO o.a.j.JMeter: Version 5.5
2024-03-16 12:41:59,002 INFO o.a.j.JMeter: java.version=1.8.0_401
2024-03-16 12:41:59,002 INFO o.a.j.JMeter: java.vm.name=Java HotSpot(TM) Client VM
2024-03-16 12:41:59,002 INFO o.a.j.JMeter: os.name=Windows 11
2024-03-16 12:41:59,002 INFO o.a.j.JMeter: os.arch=x86
2024-03-16 12:41:59,002 INFO o.a.j.JMeter: os.version=10.0
2024-03-16 12:41:59,002 INFO o.a.j.JMeter: file.encoding=Cp1252
2024-03-16 12:41:59,002 INFO o.a.j.JMeter: java.awt.headless=null
2024-03-16 12:41:59,002 INFO o.a.j.JMeter: Max memory     =259522560
2024-03-16 12:41:59,002 INFO o.a.j.JMeter: Available Processors =8
2024-03-16 12:41:59,002 INFO o.a.j.JMeter: Default Locale=English (United States)
2024-03-16 12:41:59,002 INFO o.a.j.JMeter: JMeter  Locale=English (United States)
2024-03-16 12:41:59,002 INFO o.a.j.JMeter: JMeterHome=A:\Career Learning\Tools\apache-jmeter-5.5
2024-03-16 12:41:59,002 INFO o.a.j.JMeter: user.dir  =A:\Career Learning\Tools\apache-jmeter-5.5\bin
2024-03-16 12:41:59,002 INFO o.a.j.JMeter: PWD       =A:\Career Learning\Tools\apache-jmeter-5.5\bin
2024-03-16 12:41:59,002 INFO o.a.j.JMeter: IP: 192.168.1.6 Name: SanjeevKumar FullName: SanjeevKumar
2024-03-16 12:41:59,034 INFO o.a.j.JMeter: Loaded icon properties from org/apache/jmeter/images/icon.properties
2024-03-16 12:41:59,163 INFO o.a.j.JMeterGuiLauncher: Setting LAF to: com.github.weisj.darklaf.DarkLaf:com.github.weisj.darklaf.theme.DarculaTheme
2024-03-16 12:42:25,606 INFO o.a.j.s.FileServer: Default base='A:\Career Learning\Tools\apache-jmeter-5.5\bin'
2024-03-16 12:42:25,611 INFO o.a.j.g.a.Load: Loading file: A:\Career Learning\Tools\apache-jmeter-5.5\bin\TestPlan1.jmx
2024-03-16 12:42:25,611 INFO o.a.j.s.FileServer: Set new base='A:\Career Learning\Tools\apache-jmeter-5.5\bin'
2024-03-16 12:42:25,738 INFO o.a.j.s.SaveService: Testplan (JMX) version: 2.2. Testlog (JTL) version: 2.2
2024-03-16 12:42:25,757 INFO o.a.j.s.SaveService: Using SaveService properties file encoding UTF-8
2024-03-16 12:42:25,757 INFO o.a.j.s.SaveService: Using SaveService properties version 5.0
2024-03-16 12:42:25,757 INFO o.a.j.s.SaveService: Loading file: A:\Career Learning\Tools\apache-jmeter-5.5\bin\TestPlan1.jmx
2024-03-16 12:42:25,785 INFO o.a.j.p.h.s.HTTPSamplerBase: Parser for text/html is org.apache.jmeter.protocol.http.parser.LagartoBasedHtmlParser
2024-03-16 12:42:25,785 INFO o.a.j.p.h.s.HTTPSamplerBase: Parser for application/xhtml+xml is org.apache.jmeter.protocol.http.parser.LagartoBasedHtmlParser
2024-03-16 12:42:25,785 INFO o.a.j.p.h.s.HTTPSamplerBase: Parser for application/xml is org.apache.jmeter.protocol.http.parser.LagartoBasedHtmlParser
2024-03-16 12:42:25,785 INFO o.a.j.p.h.s.HTTPSamplerBase: Parser for text/xml is org.apache.jmeter.protocol.http.parser.LagartoBasedHtmlParser
2024-03-16 12:42:25,785 INFO o.a.j.p.h.s.HTTPSamplerBase: Parser for text/vnd.wap.wml is org.apache.jmeter.protocol.http.parser.RegexpHTMLParser
2024-03-16 12:42:25,785 INFO o.a.j.p.h.s.HTTPSamplerBase: Parser for text/css is org.apache.jmeter.protocol.http.parser.CssParser
2024-03-16 12:42:25,887 INFO o.a.j.s.SampleResult: Note: Sample TimeStamps are START times
2024-03-16 12:42:25,887 INFO o.a.j.s.SampleResult: sampleresult.default.encoding is set to ISO-8859-1
2024-03-16 12:42:25,887 INFO o.a.j.s.SampleResult: sampleresult.useNanoTime=true
2024-03-16 12:42:25,887 INFO o.a.j.s.SampleResult: sampleresult.nanoThreadSleep=5000
2024-03-16 12:42:26,133 INFO o.a.j.s.FileServer: Set new base='A:\Career Learning\Tools\apache-jmeter-5.5\bin'
2024-03-16 12:52:05,613 INFO o.a.j.e.StandardJMeterEngine: Running the test!
2024-03-16 12:52:05,613 INFO o.a.j.s.SampleEvent: List of sample_variables: []
2024-03-16 12:52:05,613 INFO o.a.j.s.SampleEvent: List of sample_variables: []
2024-03-16 12:52:05,613 INFO o.a.j.e.u.CompoundVariable: Note: Function class names must contain the string: '.functions.'
2024-03-16 12:52:05,613 INFO o.a.j.e.u.CompoundVariable: Note: Function class names must not contain the string: '.gui.'
2024-03-16 12:52:05,835 INFO o.a.j.g.u.JMeterMenuBar: setRunning(true, *local*)
2024-03-16 12:52:05,866 INFO o.a.j.e.StandardJMeterEngine: Starting ThreadGroup: 1 : Users
2024-03-16 12:52:05,866 INFO o.a.j.e.StandardJMeterEngine: Starting 5 threads for group Users.
2024-03-16 12:52:05,866 INFO o.a.j.e.StandardJMeterEngine: Thread will continue on error
2024-03-16 12:52:05,866 INFO o.a.j.t.ThreadGroup: Starting thread group... number=1 threads=5 ramp-up=1 delayedStart=false
2024-03-16 12:52:05,866 INFO o.a.j.t.ThreadGroup: Started thread group number 1
2024-03-16 12:52:05,866 INFO o.a.j.e.StandardJMeterEngine: All thread groups have been started
2024-03-16 12:52:05,881 INFO o.a.j.t.JMeterThread: Thread started: Users 1-1
2024-03-16 12:52:05,884 INFO o.a.j.p.h.s.HTTPHCAbstractImpl: Local host = SanjeevKumar
2024-03-16 12:52:05,897 INFO o.a.j.p.h.s.HTTPHC4Impl: HTTP request retry count = 0
2024-03-16 12:52:05,945 INFO o.a.j.t.JMeterThread: Thread is done: Users 1-1
2024-03-16 12:52:05,945 INFO o.a.j.t.JMeterThread: Thread finished: Users 1-1
2024-03-16 12:52:06,086 INFO o.a.j.t.JMeterThread: Thread started: Users 1-2
2024-03-16 12:52:06,086 INFO o.a.j.t.JMeterThread: Thread is done: Users 1-2
2024-03-16 12:52:06,086 INFO o.a.j.t.JMeterThread: Thread finished: Users 1-2
2024-03-16 12:52:06,290 INFO o.a.j.t.JMeterThread: Thread started: Users 1-3
2024-03-16 12:52:06,290 INFO o.a.j.t.JMeterThread: Thread is done: Users 1-3
2024-03-16 12:52:06,290 INFO o.a.j.t.JMeterThread: Thread finished: Users 1-3
2024-03-16 12:52:06,496 INFO o.a.j.t.JMeterThread: Thread started: Users 1-4
2024-03-16 12:52:06,496 INFO o.a.j.t.JMeterThread: Thread is done: Users 1-4
2024-03-16 12:52:06,496 INFO o.a.j.t.JMeterThread: Thread finished: Users 1-4
2024-03-16 12:52:06,685 INFO o.a.j.t.JMeterThread: Thread started: Users 1-5
2024-03-16 12:52:06,685 INFO o.a.j.t.JMeterThread: Thread is done: Users 1-5
2024-03-16 12:52:06,685 INFO o.a.j.t.JMeterThread: Thread finished: Users 1-5
2024-03-16 12:52:06,685 INFO o.a.j.e.StandardJMeterEngine: Notifying test listeners of end of test
2024-03-16 12:52:06,685 INFO o.a.j.g.u.JMeterMenuBar: setRunning(false, *local*)
